<?xml version="1.0" encoding="UTF-8"?>
<!-- Generated by org.testng.reporters.JUnitReportReporter -->
<testsuite skipped="0" hostname="D1ML21558" name="com.hstm.assignment.flux1.testcases.AddAssignmentTest" tests="2" failures="0" timestamp="31 Mar 2018 13:51:49 GMT" time="13.996" errors="0">
  <testcase name="addAssignmentTest" time="13.928" classname="com.hstm.assignment.flux1.testcases.AddAssignmentTest"/>
  <testcase name="validateSuccessfulMessageTest" time="0.068" classname="com.hstm.assignment.flux1.testcases.AddAssignmentTest"/>
</testsuite> <!-- com.hstm.assignment.flux1.testcases.AddAssignmentTest -->
