<?xml version="1.0" encoding="UTF-8"?>
<!-- Generated by org.testng.reporters.JUnitReportReporter -->
<testsuite skipped="0" hostname="D1ML21558" name="com.hstm.assignment.flux1.testcases.ManageStudentPageTest" tests="1" failures="0" timestamp="31 Mar 2018 13:51:49 GMT" time="27.437" errors="0">
  <testcase name="validateUserLabelTest" time="27.437" classname="com.hstm.assignment.flux1.testcases.ManageStudentPageTest"/>
</testsuite> <!-- com.hstm.assignment.flux1.testcases.ManageStudentPageTest -->
