<?xml version="1.0" encoding="UTF-8"?>
<!-- Generated by org.testng.reporters.JUnitReportReporter -->
<testsuite skipped="0" hostname="D1ML21558" name="com.hstm.assignment.flux1.testcases.AdminLoginPageTest" tests="3" failures="0" timestamp="02 Apr 2018 10:18:45 GMT" time="15.201" errors="0">
  <testcase name="loginPageTitleTest" time="0.022" classname="com.hstm.assignment.flux1.testcases.AdminLoginPageTest"/>
  <testcase name="hstmLogoTest" time="0.058" classname="com.hstm.assignment.flux1.testcases.AdminLoginPageTest"/>
  <testcase name="loginTest" time="15.121" classname="com.hstm.assignment.flux1.testcases.AdminLoginPageTest"/>
</testsuite> <!-- com.hstm.assignment.flux1.testcases.AdminLoginPageTest -->
