<?xml version="1.0" encoding="UTF-8"?>
<!-- Generated by org.testng.reporters.JUnitReportReporter -->
<testsuite skipped="0" hostname="D1ML21558" name="com.hstm.assignment.flux1.testcases.SearchAffiliationPageTest" tests="2" failures="0" timestamp="31 Mar 2018 13:51:49 GMT" time="40.762" errors="0">
  <testcase name="searchAffiliationTest" time="40.693" classname="com.hstm.assignment.flux1.testcases.SearchAffiliationPageTest"/>
  <testcase name="affiliationNameLabelTest" time="0.069" classname="com.hstm.assignment.flux1.testcases.SearchAffiliationPageTest"/>
</testsuite> <!-- com.hstm.assignment.flux1.testcases.SearchAffiliationPageTest -->
