<?xml version="1.0" encoding="UTF-8"?>
<!-- Generated by org.testng.reporters.JUnitReportReporter -->
<testsuite skipped="0" hostname="D1ML21558" name="com.hstm.assignment.flux1.testcases.AdminLoginPageTest" tests="3" failures="0" timestamp="03 Apr 2018 12:52:56 GMT" time="5.706" errors="0">
  <testcase name="loginPageTitleTest" time="0.037" classname="com.hstm.assignment.flux1.testcases.AdminLoginPageTest"/>
  <testcase name="hstmLogoTest" time="0.076" classname="com.hstm.assignment.flux1.testcases.AdminLoginPageTest"/>
  <testcase name="loginTest" time="5.593" classname="com.hstm.assignment.flux1.testcases.AdminLoginPageTest"/>
</testsuite> <!-- com.hstm.assignment.flux1.testcases.AdminLoginPageTest -->
