<?xml version="1.0" encoding="UTF-8"?>
<!-- Generated by org.testng.reporters.JUnitReportReporter -->
<testsuite skipped="0" hostname="D1ML21558" name="com.hstm.assignment.flux1.testcases.AddCourseTest" tests="2" failures="0" timestamp="03 Apr 2018 13:26:55 GMT" time="54.025" errors="0">
  <testcase name="addCourseDetailTest" time="53.966" classname="com.hstm.assignment.flux1.testcases.AddCourseTest"/>
  <testcase name="successfulCrsAddingTest" time="0.059" classname="com.hstm.assignment.flux1.testcases.AddCourseTest"/>
</testsuite> <!-- com.hstm.assignment.flux1.testcases.AddCourseTest -->
