<?xml version="1.0" encoding="UTF-8"?>
<!-- Generated by org.testng.reporters.JUnitReportReporter -->
<testsuite skipped="0" hostname="D1ML21558" name="com.hstm.assignment.flux1.testcases.AdminLoginPageTest" tests="3" failures="0" timestamp="02 Apr 2018 06:13:19 GMT" time="10.160" errors="0">
  <testcase name="loginPageTitleTest" time="0.033" classname="com.hstm.assignment.flux1.testcases.AdminLoginPageTest"/>
  <testcase name="hstmLogoTest" time="0.081" classname="com.hstm.assignment.flux1.testcases.AdminLoginPageTest"/>
  <testcase name="loginTest" time="10.046" classname="com.hstm.assignment.flux1.testcases.AdminLoginPageTest"/>
</testsuite> <!-- com.hstm.assignment.flux1.testcases.AdminLoginPageTest -->
