<?xml version="1.0" encoding="UTF-8"?>
<!-- Generated by org.testng.reporters.JUnitReportReporter -->
<testsuite skipped="0" hostname="D1ML21558" name="com.hstm.assignment.flux1.testcases.AddStudentTest" tests="2" failures="0" timestamp="03 Apr 2018 13:20:42 GMT" time="37.700" errors="0">
  <testcase name="addStudentDetailsTest" time="37.639" classname="com.hstm.assignment.flux1.testcases.AddStudentTest"/>
  <testcase name="successfulStdntAddingTest" time="0.061" classname="com.hstm.assignment.flux1.testcases.AddStudentTest"/>
</testsuite> <!-- com.hstm.assignment.flux1.testcases.AddStudentTest -->
