<?xml version="1.0" encoding="UTF-8"?>
<!-- Generated by org.testng.reporters.JUnitReportReporter -->
<testsuite skipped="0" hostname="D1ML21558" name="com.hstm.assignment.util.SendMailReport" tests="1" failures="0" timestamp="06 Apr 2018 10:06:14 GMT" time="7.519" errors="0">
  <testcase name="sendMailReport" time="7.519" classname="com.hstm.assignment.util.SendMailReport"/>
</testsuite> <!-- com.hstm.assignment.util.SendMailReport -->
