<?xml version="1.0" encoding="UTF-8"?>
<!-- Generated by org.testng.reporters.JUnitReportReporter -->
<testsuite skipped="0" hostname="D1ML21558" name="com.hstm.assignment.flux1.testcases.CheckMail" tests="1" failures="0" timestamp="30 Mar 2018 20:02:53 GMT" time="10.705" errors="0">
  <testcase name="sendMailReport" time="10.705" classname="com.hstm.assignment.flux1.testcases.CheckMail"/>
</testsuite> <!-- com.hstm.assignment.flux1.testcases.CheckMail -->
