<?xml version="1.0" encoding="UTF-8"?>
<!-- Generated by org.testng.reporters.JUnitReportReporter -->
<testsuite skipped="0" hostname="D1ML21558" name="com.hstm.assignment.flux1.testcases.AdminHomePageTest" tests="11" failures="0" timestamp="03 Apr 2018 12:52:56 GMT" time="30.690" errors="0">
  <testcase name="homePageTitleTest" time="0.015" classname="com.hstm.assignment.flux1.testcases.AdminHomePageTest"/>
  <testcase name="adminPageLabelTest" time="10.897" classname="com.hstm.assignment.flux1.testcases.AdminHomePageTest"/>
  <testcase name="clickPeopleTabTest" time="4.599" classname="com.hstm.assignment.flux1.testcases.AdminHomePageTest"/>
  <testcase name="clickCoursesTabTest" time="4.057" classname="com.hstm.assignment.flux1.testcases.AdminHomePageTest"/>
  <testcase name="clickSimulationTabTest" time="1.406" classname="com.hstm.assignment.flux1.testcases.AdminHomePageTest"/>
  <testcase name="clickAssessmentsTest" time="1.337" classname="com.hstm.assignment.flux1.testcases.AdminHomePageTest"/>
  <testcase name="clickEducationTest" time="1.430" classname="com.hstm.assignment.flux1.testcases.AdminHomePageTest"/>
  <testcase name="clickReportsTest" time="2.496" classname="com.hstm.assignment.flux1.testcases.AdminHomePageTest"/>
  <testcase name="clickToolsTest" time="1.336" classname="com.hstm.assignment.flux1.testcases.AdminHomePageTest"/>
  <testcase name="clickServicesTest" time="1.897" classname="com.hstm.assignment.flux1.testcases.AdminHomePageTest"/>
  <testcase name="clickMyProfileTest" time="1.220" classname="com.hstm.assignment.flux1.testcases.AdminHomePageTest"/>
</testsuite> <!-- com.hstm.assignment.flux1.testcases.AdminHomePageTest -->
