<?xml version="1.0" encoding="UTF-8"?>
<!-- Generated by org.testng.reporters.JUnitReportReporter -->
<testsuite skipped="0" hostname="D1ML21558" name="com.hstm.assignment.flux1.testcases.SendMailReport" tests="1" failures="0" timestamp="02 Apr 2018 07:04:38 GMT" time="6.145" errors="0">
  <testcase name="sendMailReport" time="6.145" classname="com.hstm.assignment.flux1.testcases.SendMailReport"/>
</testsuite> <!-- com.hstm.assignment.flux1.testcases.SendMailReport -->
