<?xml version="1.0" encoding="UTF-8"?>
<!-- Generated by org.testng.reporters.JUnitReportReporter -->
<testsuite skipped="0" hostname="D1ML21558" name="com.hstm.assignment.flux1.testcases.SearchAffiliationPageTest" tests="2" failures="0" timestamp="03 Apr 2018 12:52:56 GMT" time="18.511" errors="0">
  <testcase name="searchAffiliationTest" time="18.439" classname="com.hstm.assignment.flux1.testcases.SearchAffiliationPageTest"/>
  <testcase name="affiliationNameLabelTest" time="0.072" classname="com.hstm.assignment.flux1.testcases.SearchAffiliationPageTest"/>
</testsuite> <!-- com.hstm.assignment.flux1.testcases.SearchAffiliationPageTest -->
