<?xml version="1.0" encoding="UTF-8"?>
<!-- Generated by org.testng.reporters.JUnitReportReporter -->
<testsuite skipped="0" hostname="D1ML21558" name="com.hstm.assignment.flux1.testcases.AddAssignmentTest" tests="2" failures="0" timestamp="03 Apr 2018 13:34:29 GMT" time="16.739" errors="0">
  <testcase name="addAssignmentTest" time="16.612" classname="com.hstm.assignment.flux1.testcases.AddAssignmentTest"/>
  <testcase name="validateSuccessfulMessageTest" time="0.127" classname="com.hstm.assignment.flux1.testcases.AddAssignmentTest"/>
</testsuite> <!-- com.hstm.assignment.flux1.testcases.AddAssignmentTest -->
