<?xml version="1.0" encoding="UTF-8"?>
<!-- Generated by org.testng.reporters.JUnitReportReporter -->
<testsuite skipped="0" hostname="D1ML21558" name="com.hstm.assignment.flux1.testcases.AdminLoginPageTest" tests="3" failures="0" timestamp="12 Apr 2018 06:42:02 GMT" time="5.612" errors="0">
  <testcase name="loginPageTitleTest" time="0.029" classname="com.hstm.assignment.flux1.testcases.AdminLoginPageTest"/>
  <testcase name="hstmLogoTest" time="0.075" classname="com.hstm.assignment.flux1.testcases.AdminLoginPageTest"/>
  <testcase name="loginTest" time="5.508" classname="com.hstm.assignment.flux1.testcases.AdminLoginPageTest"/>
</testsuite> <!-- com.hstm.assignment.flux1.testcases.AdminLoginPageTest -->
