<?xml version="1.0" encoding="UTF-8"?>
<!-- Generated by org.testng.reporters.JUnitReportReporter -->
<testsuite skipped="0" hostname="D1ML21558" name="com.hstm.assignment.flux1.testcases.AdminHomePageTest" tests="11" failures="0" timestamp="02 Apr 2018 06:13:20 GMT" time="13.796" errors="0">
  <testcase name="homePageTitleTest" time="0.012" classname="com.hstm.assignment.flux1.testcases.AdminHomePageTest"/>
  <testcase name="adminPageLabelTest" time="0.054" classname="com.hstm.assignment.flux1.testcases.AdminHomePageTest"/>
  <testcase name="clickPeopleTabTest" time="3.257" classname="com.hstm.assignment.flux1.testcases.AdminHomePageTest"/>
  <testcase name="clickCoursesTabTest" time="1.122" classname="com.hstm.assignment.flux1.testcases.AdminHomePageTest"/>
  <testcase name="clickSimulationTabTest" time="1.092" classname="com.hstm.assignment.flux1.testcases.AdminHomePageTest"/>
  <testcase name="clickAssessmentsTest" time="1.114" classname="com.hstm.assignment.flux1.testcases.AdminHomePageTest"/>
  <testcase name="clickEducationTest" time="1.142" classname="com.hstm.assignment.flux1.testcases.AdminHomePageTest"/>
  <testcase name="clickReportsTest" time="1.699" classname="com.hstm.assignment.flux1.testcases.AdminHomePageTest"/>
  <testcase name="clickToolsTest" time="2.054" classname="com.hstm.assignment.flux1.testcases.AdminHomePageTest"/>
  <testcase name="clickServicesTest" time="1.153" classname="com.hstm.assignment.flux1.testcases.AdminHomePageTest"/>
  <testcase name="clickMyProfileTest" time="1.097" classname="com.hstm.assignment.flux1.testcases.AdminHomePageTest"/>
</testsuite> <!-- com.hstm.assignment.flux1.testcases.AdminHomePageTest -->
